2018-08-08 23:13:20,406 [Worker-5] INFO  o.e.m.c.i.p.ProjectConfigurationManager - Collecting project info '/pom.xml' D:\workspace-soa-2\soa-provider-2\pom.xml
2018-08-08 23:13:21,224 [Worker-5] INFO  o.e.m.c.i.l.LifecycleMappingFactory - Using org.maven.ide.eclipse.wtp.WarLifecycleMapping lifecycle mapping for MavenProject: com.lovin.provider:soa-provider-2:0.0.1-SNAPSHOT @ D:\workspace-soa-2\soa-provider-2\pom.xml.
2018-08-08 23:13:22,862 [Worker-5] INFO  o.e.m.j.i.AbstractJavaProjectConfigurator - Adding source folder /soa-provider-2/src/main/java
2018-08-08 23:13:22,862 [Worker-5] INFO  o.e.m.j.i.AbstractJavaProjectConfigurator - Adding resource folder /soa-provider-2/src/main/resources
2018-08-08 23:13:22,863 [Worker-5] INFO  o.e.m.j.i.AbstractJavaProjectConfigurator - Adding source folder /soa-provider-2/src/test/java
2018-08-08 23:13:23,135 [Worker-4] INFO  o.e.m.c.i.l.LifecycleMappingFactory - Using org.maven.ide.eclipse.wtp.WarLifecycleMapping lifecycle mapping for MavenProject: com.lovin.provider:soa-provider-2:0.0.1-SNAPSHOT @ D:\workspace-soa-2\soa-provider-2\pom.xml.
2018-08-08 23:13:46,321 [Worker-5] ERROR o.e.m.w.jsf.internal.utils.JSFUtils - An error occured trying to find to javax.faces.webapp.FacesServlet :
java.net.ConnectException: Connection timed out: connect
	at java.net.DualStackPlainSocketImpl.connect0(Native Method) ~[na:1.8.0_131]
	at java.net.DualStackPlainSocketImpl.socketConnect(Unknown Source) ~[na:1.8.0_131]
	at java.net.AbstractPlainSocketImpl.doConnect(Unknown Source) ~[na:1.8.0_131]
	at java.net.AbstractPlainSocketImpl.connectToAddress(Unknown Source) ~[na:1.8.0_131]
	at java.net.AbstractPlainSocketImpl.connect(Unknown Source) ~[na:1.8.0_131]
	at java.net.PlainSocketImpl.connect(Unknown Source) ~[na:1.8.0_131]
	at java.net.SocksSocketImpl.connect(Unknown Source) ~[na:1.8.0_131]
	at java.net.Socket.connect(Unknown Source) ~[na:1.8.0_131]
	at java.net.Socket.connect(Unknown Source) ~[na:1.8.0_131]
	at sun.net.NetworkClient.doConnect(Unknown Source) ~[na:1.8.0_131]
	at sun.net.www.http.HttpClient.openServer(Unknown Source) ~[na:1.8.0_131]
	at sun.net.www.http.HttpClient.openServer(Unknown Source) ~[na:1.8.0_131]
	at sun.net.www.http.HttpClient.<init>(Unknown Source) ~[na:1.8.0_131]
	at sun.net.www.http.HttpClient.New(Unknown Source) ~[na:1.8.0_131]
	at sun.net.www.http.HttpClient.New(Unknown Source) ~[na:1.8.0_131]
	at sun.net.www.protocol.http.HttpURLConnection.getNewHttpClient(Unknown Source) ~[na:1.8.0_131]
	at sun.net.www.protocol.http.HttpURLConnection.plainConnect0(Unknown Source) ~[na:1.8.0_131]
	at sun.net.www.protocol.http.HttpURLConnection.plainConnect(Unknown Source) ~[na:1.8.0_131]
	at sun.net.www.protocol.http.HttpURLConnection.connect(Unknown Source) ~[na:1.8.0_131]
	at sun.net.www.protocol.http.HttpURLConnection.followRedirect0(Unknown Source) ~[na:1.8.0_131]
	at sun.net.www.protocol.http.HttpURLConnection.followRedirect(Unknown Source) ~[na:1.8.0_131]
	at sun.net.www.protocol.http.HttpURLConnection.getInputStream0(Unknown Source) ~[na:1.8.0_131]
	at sun.net.www.protocol.http.HttpURLConnection.getInputStream(Unknown Source) ~[na:1.8.0_131]
	at com.sun.org.apache.xerces.internal.impl.XMLEntityManager.setupCurrentEntity(Unknown Source) ~[na:1.8.0_131]
	at com.sun.org.apache.xerces.internal.impl.XMLEntityManager.startEntity(Unknown Source) ~[na:1.8.0_131]
	at com.sun.org.apache.xerces.internal.impl.XMLEntityManager.startDTDEntity(Unknown Source) ~[na:1.8.0_131]
	at com.sun.org.apache.xerces.internal.impl.XMLDTDScannerImpl.setInputSource(Unknown Source) ~[na:1.8.0_131]
	at com.sun.org.apache.xerces.internal.impl.XMLDocumentScannerImpl$DTDDriver.dispatch(Unknown Source) ~[na:1.8.0_131]
	at com.sun.org.apache.xerces.internal.impl.XMLDocumentScannerImpl$DTDDriver.next(Unknown Source) ~[na:1.8.0_131]
	at com.sun.org.apache.xerces.internal.impl.XMLDocumentScannerImpl$PrologDriver.next(Unknown Source) ~[na:1.8.0_131]
	at com.sun.org.apache.xerces.internal.impl.XMLDocumentScannerImpl.next(Unknown Source) ~[na:1.8.0_131]
	at com.sun.org.apache.xerces.internal.impl.XMLDocumentFragmentScannerImpl.scanDocument(Unknown Source) ~[na:1.8.0_131]
	at com.sun.org.apache.xerces.internal.parsers.XML11Configuration.parse(Unknown Source) ~[na:1.8.0_131]
	at com.sun.org.apache.xerces.internal.parsers.XML11Configuration.parse(Unknown Source) ~[na:1.8.0_131]
	at com.sun.org.apache.xerces.internal.parsers.XMLParser.parse(Unknown Source) ~[na:1.8.0_131]
	at com.sun.org.apache.xerces.internal.parsers.DOMParser.parse(Unknown Source) ~[na:1.8.0_131]
	at com.sun.org.apache.xerces.internal.jaxp.DocumentBuilderImpl.parse(Unknown Source) ~[na:1.8.0_131]
	at javax.xml.parsers.DocumentBuilder.parse(Unknown Source) ~[na:1.8.0_131]
	at org.eclipse.m2e.wtp.jsf.internal.utils.JSFUtils.hasFacesServlet(JSFUtils.java:139) [org.eclipse.m2e.wtp.jsf_1.1.0.20140611-1646.jar:na]
	at org.eclipse.m2e.wtp.jsf.internal.utils.JSFUtils.hasFacesServlet(JSFUtils.java:115) [org.eclipse.m2e.wtp.jsf_1.1.0.20140611-1646.jar:na]
	at org.eclipse.m2e.wtp.jsf.internal.configurators.WebXmlJSFFacetDetector.hasFacesServletInWebXml(WebXmlJSFFacetDetector.java:80) [org.eclipse.m2e.wtp.jsf_1.1.0.20140611-1646.jar:na]
	at org.eclipse.m2e.wtp.jsf.internal.configurators.WebXmlJSFFacetDetector.findFacetVersion(WebXmlJSFFacetDetector.java:55) [org.eclipse.m2e.wtp.jsf_1.1.0.20140611-1646.jar:na]
	at org.eclipse.m2e.wtp.facets.FacetDetectorManager.findFacetVersion(FacetDetectorManager.java:91) [org.eclipse.m2e.wtp_1.1.0.20140611-1646.jar:na]
	at org.eclipse.m2e.wtp.facets.FacetDetectorManager.findFacetVersion(FacetDetectorManager.java:61) [org.eclipse.m2e.wtp_1.1.0.20140611-1646.jar:na]
	at org.eclipse.m2e.wtp.jsf.internal.configurators.JSFProjectConfigurator.configureInternal(JSFProjectConfigurator.java:93) [org.eclipse.m2e.wtp.jsf_1.1.0.20140611-1646.jar:na]
	at org.eclipse.m2e.wtp.jsf.internal.configurators.JSFProjectConfigurator.configure(JSFProjectConfigurator.java:68) [org.eclipse.m2e.wtp.jsf_1.1.0.20140611-1646.jar:na]
	at org.eclipse.m2e.core.project.configurator.AbstractLifecycleMapping.configure(AbstractLifecycleMapping.java:120) [org.eclipse.m2e.core_1.5.1.20150109-1820.jar:na]
	at org.eclipse.m2e.core.internal.project.ProjectConfigurationManager$3.call(ProjectConfigurationManager.java:477) [org.eclipse.m2e.core_1.5.1.20150109-1820.jar:na]
	at org.eclipse.m2e.core.internal.project.ProjectConfigurationManager$3.call(ProjectConfigurationManager.java:1) [org.eclipse.m2e.core_1.5.1.20150109-1820.jar:na]
	at org.eclipse.m2e.core.internal.embedder.MavenExecutionContext.executeBare(MavenExecutionContext.java:166) [org.eclipse.m2e.core_1.5.1.20150109-1820.jar:na]
	at org.eclipse.m2e.core.internal.embedder.MavenExecutionContext.execute(MavenExecutionContext.java:142) [org.eclipse.m2e.core_1.5.1.20150109-1820.jar:na]
	at org.eclipse.m2e.core.internal.project.ProjectConfigurationManager.updateProjectConfiguration(ProjectConfigurationManager.java:470) [org.eclipse.m2e.core_1.5.1.20150109-1820.jar:na]
	at org.eclipse.m2e.core.internal.project.ProjectConfigurationManager.configureNewMavenProjects(ProjectConfigurationManager.java:250) [org.eclipse.m2e.core_1.5.1.20150109-1820.jar:na]
	at org.eclipse.m2e.core.internal.project.ProjectConfigurationManager$1.call(ProjectConfigurationManager.java:163) [org.eclipse.m2e.core_1.5.1.20150109-1820.jar:na]
	at org.eclipse.m2e.core.internal.project.ProjectConfigurationManager$1.call(ProjectConfigurationManager.java:1) [org.eclipse.m2e.core_1.5.1.20150109-1820.jar:na]
	at org.eclipse.m2e.core.internal.embedder.MavenExecutionContext.executeBare(MavenExecutionContext.java:166) [org.eclipse.m2e.core_1.5.1.20150109-1820.jar:na]
	at org.eclipse.m2e.core.internal.embedder.MavenExecutionContext.execute(MavenExecutionContext.java:109) [org.eclipse.m2e.core_1.5.1.20150109-1820.jar:na]
	at org.eclipse.m2e.core.internal.embedder.MavenExecutionContext.execute(MavenExecutionContext.java:96) [org.eclipse.m2e.core_1.5.1.20150109-1820.jar:na]
	at org.eclipse.m2e.core.internal.embedder.MavenImpl.execute(MavenImpl.java:1348) [org.eclipse.m2e.core_1.5.1.20150109-1820.jar:na]
	at org.eclipse.m2e.core.internal.project.ProjectConfigurationManager.importProjects(ProjectConfigurationManager.java:133) [org.eclipse.m2e.core_1.5.1.20150109-1820.jar:na]
	at org.eclipse.m2e.core.internal.project.ProjectConfigurationManager.createArchetypeProjects0(ProjectConfigurationManager.java:789) [org.eclipse.m2e.core_1.5.1.20150109-1820.jar:na]
	at org.eclipse.m2e.core.internal.project.ProjectConfigurationManager$5.call(ProjectConfigurationManager.java:719) [org.eclipse.m2e.core_1.5.1.20150109-1820.jar:na]
	at org.eclipse.m2e.core.internal.project.ProjectConfigurationManager$5.call(ProjectConfigurationManager.java:1) [org.eclipse.m2e.core_1.5.1.20150109-1820.jar:na]
	at org.eclipse.m2e.core.internal.embedder.MavenExecutionContext.executeBare(MavenExecutionContext.java:166) [org.eclipse.m2e.core_1.5.1.20150109-1820.jar:na]
	at org.eclipse.m2e.core.internal.embedder.MavenExecutionContext.execute(MavenExecutionContext.java:142) [org.eclipse.m2e.core_1.5.1.20150109-1820.jar:na]
	at org.eclipse.m2e.core.internal.embedder.MavenExecutionContext.execute(MavenExecutionContext.java:96) [org.eclipse.m2e.core_1.5.1.20150109-1820.jar:na]
	at org.eclipse.m2e.core.internal.embedder.MavenImpl.execute(MavenImpl.java:1348) [org.eclipse.m2e.core_1.5.1.20150109-1820.jar:na]
	at org.eclipse.m2e.core.internal.project.ProjectConfigurationManager.createArchetypeProjects(ProjectConfigurationManager.java:717) [org.eclipse.m2e.core_1.5.1.20150109-1820.jar:na]
	at org.eclipse.m2e.core.ui.internal.wizards.MavenProjectWizard$5.doCreateMavenProjects(MavenProjectWizard.java:244) [org.eclipse.m2e.core.ui_1.5.1.20150109-1820.jar:na]
	at org.eclipse.m2e.core.ui.internal.wizards.AbstactCreateMavenProjectJob$1.doCreateMavenProjects(AbstactCreateMavenProjectJob.java:46) [org.eclipse.m2e.core.ui_1.5.1.20150109-1820.jar:na]
	at org.eclipse.m2e.core.ui.internal.wizards.AbstractCreateMavenProjectsOperation.run(AbstractCreateMavenProjectsOperation.java:62) [org.eclipse.m2e.core.ui_1.5.1.20150109-1820.jar:na]
	at org.eclipse.m2e.core.ui.internal.wizards.AbstactCreateMavenProjectJob.runInWorkspace(AbstactCreateMavenProjectJob.java:50) [org.eclipse.m2e.core.ui_1.5.1.20150109-1820.jar:na]
	at org.eclipse.core.internal.resources.InternalWorkspaceJob.run(InternalWorkspaceJob.java:38) [org.eclipse.core.resources_3.9.1.v20140825-1431.jar:na]
	at org.eclipse.core.internal.jobs.Worker.run(Worker.java:54) [org.eclipse.core.jobs_3.6.1.v20141014-1248.jar:na]
2018-08-08 23:13:46,357 [Worker-5] INFO  o.e.m.c.i.p.ProjectConfigurationManager - Imported and configured 1 project(s) in 25 sec
2018-08-08 23:13:47,935 [Worker-8] INFO  o.e.m.c.i.l.LifecycleMappingFactory - Using org.maven.ide.eclipse.wtp.WarLifecycleMapping lifecycle mapping for MavenProject: com.lovin.provider:soa-provider-2:0.0.1-SNAPSHOT @ D:\workspace-soa-2\soa-provider-2\pom.xml.
2018-08-08 23:13:48,047 [Worker-8] WARN  o.e.m.c.i.embedder.EclipseLogger - Using platform encoding (GBK actually) to copy filtered resources, i.e. build is platform dependent!
2018-08-08 23:13:48,050 [Worker-8] INFO  o.e.m.c.i.embedder.EclipseLogger - Copying 0 resource
2018-08-08 23:13:48,053 [Worker-8] WARN  o.e.m.c.i.embedder.EclipseLogger - Using platform encoding (GBK actually) to copy filtered resources, i.e. build is platform dependent!
2018-08-08 23:13:48,054 [Worker-8] INFO  o.e.m.c.i.embedder.EclipseLogger - skip non existing resourceDirectory D:\workspace-soa-2\soa-provider-2\src\test\resources
2018-08-08 23:14:15,716 [Worker-0] WARN  o.e.m.c.i.embedder.EclipseLogger - Using platform encoding (GBK actually) to copy filtered resources, i.e. build is platform dependent!
2018-08-08 23:14:15,718 [Worker-0] INFO  o.e.m.c.i.embedder.EclipseLogger - Copying 0 resource
2018-08-08 23:14:15,720 [Worker-0] WARN  o.e.m.c.i.embedder.EclipseLogger - Using platform encoding (GBK actually) to copy filtered resources, i.e. build is platform dependent!
2018-08-08 23:14:15,721 [Worker-0] INFO  o.e.m.c.i.embedder.EclipseLogger - skip non existing resourceDirectory D:\workspace-soa-2\soa-provider-2\src\test\resources
2018-08-08 23:14:18,591 [Worker-4] WARN  o.e.m.c.i.embedder.EclipseLogger - Using platform encoding (GBK actually) to copy filtered resources, i.e. build is platform dependent!
2018-08-08 23:14:18,592 [Worker-4] INFO  o.e.m.c.i.embedder.EclipseLogger - Copying 0 resource
2018-08-08 23:14:18,594 [Worker-4] WARN  o.e.m.c.i.embedder.EclipseLogger - Using platform encoding (GBK actually) to copy filtered resources, i.e. build is platform dependent!
2018-08-08 23:14:18,594 [Worker-4] INFO  o.e.m.c.i.embedder.EclipseLogger - skip non existing resourceDirectory D:\workspace-soa-2\soa-provider-2\src\test\resources
2018-08-08 23:14:24,032 [Worker-7] WARN  o.e.m.c.i.embedder.EclipseLogger - Using platform encoding (GBK actually) to copy filtered resources, i.e. build is platform dependent!
2018-08-08 23:14:24,034 [Worker-7] INFO  o.e.m.c.i.embedder.EclipseLogger - Copying 0 resource
2018-08-08 23:14:24,037 [Worker-7] WARN  o.e.m.c.i.embedder.EclipseLogger - Using platform encoding (GBK actually) to copy filtered resources, i.e. build is platform dependent!
2018-08-08 23:14:24,038 [Worker-7] INFO  o.e.m.c.i.embedder.EclipseLogger - skip non existing resourceDirectory D:\workspace-soa-2\soa-provider-2\src\test\resources
2018-08-08 23:14:37,048 [Worker-6] WARN  o.e.m.c.i.embedder.EclipseLogger - Using platform encoding (GBK actually) to copy filtered resources, i.e. build is platform dependent!
2018-08-08 23:14:37,049 [Worker-6] INFO  o.e.m.c.i.embedder.EclipseLogger - Copying 2 resources
2018-08-08 23:14:37,056 [Worker-6] WARN  o.e.m.c.i.embedder.EclipseLogger - Using platform encoding (GBK actually) to copy filtered resources, i.e. build is platform dependent!
2018-08-08 23:14:37,056 [Worker-6] INFO  o.e.m.c.i.embedder.EclipseLogger - skip non existing resourceDirectory D:\workspace-soa-2\soa-provider-2\src\test\resources
2018-08-08 23:15:41,930 [Worker-8] INFO  o.e.m.c.i.l.LifecycleMappingFactory - Using org.maven.ide.eclipse.wtp.WarLifecycleMapping lifecycle mapping for MavenProject: com.lovin.provider:soa-provider-2:0.0.1-SNAPSHOT @ D:\workspace-soa-2\soa-provider-2\pom.xml.
2018-08-08 23:15:42,412 [Worker-8] WARN  o.e.m.c.i.embedder.EclipseLogger - Using platform encoding (GBK actually) to copy filtered resources, i.e. build is platform dependent!
2018-08-08 23:15:42,413 [Worker-8] INFO  o.e.m.c.i.embedder.EclipseLogger - Copying 0 resource
2018-08-08 23:15:42,414 [Worker-8] WARN  o.e.m.c.i.embedder.EclipseLogger - Using platform encoding (GBK actually) to copy filtered resources, i.e. build is platform dependent!
2018-08-08 23:15:42,415 [Worker-8] INFO  o.e.m.c.i.embedder.EclipseLogger - skip non existing resourceDirectory D:\workspace-soa-2\soa-provider-2\src\test\resources
2018-08-08 23:15:42,416 [Worker-8] INFO  o.e.m.w.i.f.ResourceFilteringBuildParticipant - Changed resources require a complete clean of filtered resources of soa-provider-2
2018-08-08 23:15:42,417 [Worker-8] INFO  o.e.m.w.i.f.ResourceFilteringBuildParticipant - Executing resource filtering for soa-provider-2
2018-08-08 23:15:42,431 [Worker-8] WARN  o.e.m.c.i.embedder.EclipseLogger - Using platform encoding (GBK actually) to copy filtered resources, i.e. build is platform dependent!
2018-08-08 23:15:43,833 [Worker-5] WARN  o.e.m.c.i.embedder.EclipseLogger - Using platform encoding (GBK actually) to copy filtered resources, i.e. build is platform dependent!
2018-08-08 23:15:43,834 [Worker-5] INFO  o.e.m.c.i.embedder.EclipseLogger - Copying 2 resources
2018-08-08 23:15:43,838 [Worker-5] WARN  o.e.m.c.i.embedder.EclipseLogger - Using platform encoding (GBK actually) to copy filtered resources, i.e. build is platform dependent!
2018-08-08 23:15:43,838 [Worker-5] INFO  o.e.m.c.i.embedder.EclipseLogger - skip non existing resourceDirectory D:\workspace-soa-2\soa-provider-2\src\test\resources
2018-08-08 23:16:06,415 [Worker-7] WARN  o.e.m.c.i.embedder.EclipseLogger - Using platform encoding (GBK actually) to copy filtered resources, i.e. build is platform dependent!
2018-08-08 23:16:06,415 [Worker-7] INFO  o.e.m.c.i.embedder.EclipseLogger - Copying 0 resource
2018-08-08 23:16:06,417 [Worker-7] WARN  o.e.m.c.i.embedder.EclipseLogger - Using platform encoding (GBK actually) to copy filtered resources, i.e. build is platform dependent!
2018-08-08 23:16:06,418 [Worker-7] INFO  o.e.m.c.i.embedder.EclipseLogger - skip non existing resourceDirectory D:\workspace-soa-2\soa-provider-2\src\test\resources
2018-08-08 23:16:17,056 [Worker-10] WARN  o.e.m.c.i.embedder.EclipseLogger - Using platform encoding (GBK actually) to copy filtered resources, i.e. build is platform dependent!
2018-08-08 23:16:17,056 [Worker-10] INFO  o.e.m.c.i.embedder.EclipseLogger - Copying 0 resource
2018-08-08 23:16:17,057 [Worker-10] WARN  o.e.m.c.i.embedder.EclipseLogger - Using platform encoding (GBK actually) to copy filtered resources, i.e. build is platform dependent!
2018-08-08 23:16:17,058 [Worker-10] INFO  o.e.m.c.i.embedder.EclipseLogger - skip non existing resourceDirectory D:\workspace-soa-2\soa-provider-2\src\test\resources
2018-08-08 23:16:41,818 [Worker-2] WARN  o.e.m.c.i.embedder.EclipseLogger - Using platform encoding (GBK actually) to copy filtered resources, i.e. build is platform dependent!
2018-08-08 23:16:41,819 [Worker-2] INFO  o.e.m.c.i.embedder.EclipseLogger - Copying 2 resources
2018-08-08 23:16:41,820 [Worker-2] WARN  o.e.m.c.i.embedder.EclipseLogger - Using platform encoding (GBK actually) to copy filtered resources, i.e. build is platform dependent!
2018-08-08 23:16:41,821 [Worker-2] INFO  o.e.m.c.i.embedder.EclipseLogger - skip non existing resourceDirectory D:\workspace-soa-2\soa-provider-2\src\test\resources
2018-08-08 23:16:45,520 [Worker-5] WARN  o.e.m.c.i.embedder.EclipseLogger - Using platform encoding (GBK actually) to copy filtered resources, i.e. build is platform dependent!
2018-08-08 23:16:45,521 [Worker-5] INFO  o.e.m.c.i.embedder.EclipseLogger - Copying 2 resources
2018-08-08 23:16:45,522 [Worker-5] WARN  o.e.m.c.i.embedder.EclipseLogger - Using platform encoding (GBK actually) to copy filtered resources, i.e. build is platform dependent!
2018-08-08 23:16:45,523 [Worker-5] INFO  o.e.m.c.i.embedder.EclipseLogger - skip non existing resourceDirectory D:\workspace-soa-2\soa-provider-2\src\test\resources
2018-08-08 23:16:48,868 [Worker-7] WARN  o.e.m.c.i.embedder.EclipseLogger - Using platform encoding (GBK actually) to copy filtered resources, i.e. build is platform dependent!
2018-08-08 23:16:48,869 [Worker-7] INFO  o.e.m.c.i.embedder.EclipseLogger - Copying 2 resources
2018-08-08 23:16:48,870 [Worker-7] WARN  o.e.m.c.i.embedder.EclipseLogger - Using platform encoding (GBK actually) to copy filtered resources, i.e. build is platform dependent!
2018-08-08 23:16:48,871 [Worker-7] INFO  o.e.m.c.i.embedder.EclipseLogger - skip non existing resourceDirectory D:\workspace-soa-2\soa-provider-2\src\test\resources
2018-08-08 23:18:14,653 [Worker-11] INFO  o.e.m.c.i.l.LifecycleMappingFactory - Using org.maven.ide.eclipse.wtp.WarLifecycleMapping lifecycle mapping for MavenProject: com.lovin.provider:soa-provider-2:0.0.1-SNAPSHOT @ D:\workspace-soa-2\soa-provider-2\pom.xml.
2018-08-08 23:18:15,073 [Worker-11] WARN  o.e.m.c.i.embedder.EclipseLogger - Using platform encoding (GBK actually) to copy filtered resources, i.e. build is platform dependent!
2018-08-08 23:18:15,074 [Worker-11] INFO  o.e.m.c.i.embedder.EclipseLogger - Copying 2 resources
2018-08-08 23:18:15,078 [Worker-11] WARN  o.e.m.c.i.embedder.EclipseLogger - Using platform encoding (GBK actually) to copy filtered resources, i.e. build is platform dependent!
2018-08-08 23:18:15,079 [Worker-11] INFO  o.e.m.c.i.embedder.EclipseLogger - skip non existing resourceDirectory D:\workspace-soa-2\soa-provider-2\src\test\resources
2018-08-08 23:21:48,875 [Worker-12] WARN  o.e.m.c.i.embedder.EclipseLogger - Using platform encoding (GBK actually) to copy filtered resources, i.e. build is platform dependent!
2018-08-08 23:21:48,876 [Worker-12] INFO  o.e.m.c.i.embedder.EclipseLogger - Copying 1 resource
2018-08-08 23:21:48,878 [Worker-12] WARN  o.e.m.c.i.embedder.EclipseLogger - Using platform encoding (GBK actually) to copy filtered resources, i.e. build is platform dependent!
2018-08-08 23:21:48,879 [Worker-12] INFO  o.e.m.c.i.embedder.EclipseLogger - skip non existing resourceDirectory D:\workspace-soa-2\soa-provider-2\src\test\resources
2018-08-08 23:23:58,394 [Worker-13] WARN  o.e.m.c.i.embedder.EclipseLogger - Using platform encoding (GBK actually) to copy filtered resources, i.e. build is platform dependent!
2018-08-08 23:23:58,395 [Worker-13] INFO  o.e.m.c.i.embedder.EclipseLogger - Copying 1 resource
2018-08-08 23:23:58,397 [Worker-13] WARN  o.e.m.c.i.embedder.EclipseLogger - Using platform encoding (GBK actually) to copy filtered resources, i.e. build is platform dependent!
2018-08-08 23:23:58,397 [Worker-13] INFO  o.e.m.c.i.embedder.EclipseLogger - skip non existing resourceDirectory D:\workspace-soa-2\soa-provider-2\src\test\resources
2018-08-11 17:42:33,367 [Worker-28] WARN  o.e.m.c.i.embedder.EclipseLogger - Using platform encoding (GBK actually) to copy filtered resources, i.e. build is platform dependent!
2018-08-11 17:42:33,389 [Worker-28] INFO  o.e.m.c.i.embedder.EclipseLogger - Copying 2 resources
2018-08-11 17:42:33,411 [Worker-28] WARN  o.e.m.c.i.embedder.EclipseLogger - Using platform encoding (GBK actually) to copy filtered resources, i.e. build is platform dependent!
2018-08-11 17:42:33,412 [Worker-28] INFO  o.e.m.c.i.embedder.EclipseLogger - skip non existing resourceDirectory D:\workspace-soa-2\soa-provider-2\src\test\resources
2018-08-11 17:42:40,515 [Worker-24] INFO  o.e.m.c.i.p.ProjectConfigurationManager - Update started
2018-08-11 17:42:40,927 [Worker-24] INFO  o.e.m.c.i.l.LifecycleMappingFactory - Using org.maven.ide.eclipse.wtp.WarLifecycleMapping lifecycle mapping for MavenProject: com.lovin.provider:soa-provider-2:0.0.1-SNAPSHOT @ D:\workspace-soa-2\soa-provider-2\pom.xml.
2018-08-11 17:42:42,118 [Worker-24] INFO  o.e.m.j.i.AbstractJavaProjectConfigurator - Adding source folder /soa-provider-2/src/main/java
2018-08-11 17:42:42,118 [Worker-24] INFO  o.e.m.j.i.AbstractJavaProjectConfigurator - Adding resource folder /soa-provider-2/src/main/resources
2018-08-11 17:42:42,119 [Worker-24] INFO  o.e.m.j.i.AbstractJavaProjectConfigurator - Adding source folder /soa-provider-2/src/test/java
2018-08-11 17:42:43,839 [Worker-24] INFO  o.e.m.c.i.l.LifecycleMappingFactory - Using org.maven.ide.eclipse.wtp.WarLifecycleMapping lifecycle mapping for MavenProject: com.lovin.provider:soa-provider-2:0.0.1-SNAPSHOT @ D:\workspace-soa-2\soa-provider-2\pom.xml.
2018-08-11 17:42:44,310 [Worker-24] INFO  o.e.m.w.i.f.ResourceFilteringBuildParticipant - Cleaning filtered folder for soa-provider-2
2018-08-11 17:42:44,321 [Worker-24] INFO  o.e.m.c.i.p.ProjectConfigurationManager - Update completed: 3 sec
2018-08-11 17:42:45,082 [Worker-29] WARN  o.e.m.c.i.embedder.EclipseLogger - Using platform encoding (GBK actually) to copy filtered resources, i.e. build is platform dependent!
2018-08-11 17:42:45,085 [Worker-29] INFO  o.e.m.c.i.embedder.EclipseLogger - Copying 2 resources
2018-08-11 17:42:45,092 [Worker-29] WARN  o.e.m.c.i.embedder.EclipseLogger - Using platform encoding (GBK actually) to copy filtered resources, i.e. build is platform dependent!
2018-08-11 17:42:45,092 [Worker-29] INFO  o.e.m.c.i.embedder.EclipseLogger - skip non existing resourceDirectory D:\workspace-soa-2\soa-provider-2\src\test\resources
2018-08-11 17:46:53,226 [Worker-34] WARN  o.e.m.c.i.embedder.EclipseLogger - Using platform encoding (GBK actually) to copy filtered resources, i.e. build is platform dependent!
2018-08-11 17:46:53,236 [Worker-34] INFO  o.e.m.c.i.embedder.EclipseLogger - Copying 1 resource
2018-08-11 17:46:53,238 [Worker-34] WARN  o.e.m.c.i.embedder.EclipseLogger - Using platform encoding (GBK actually) to copy filtered resources, i.e. build is platform dependent!
2018-08-11 17:46:53,239 [Worker-34] INFO  o.e.m.c.i.embedder.EclipseLogger - skip non existing resourceDirectory D:\workspace-soa-2\soa-provider-2\src\test\resources
2018-08-11 17:47:08,269 [Worker-35] WARN  o.e.m.c.i.embedder.EclipseLogger - Using platform encoding (GBK actually) to copy filtered resources, i.e. build is platform dependent!
2018-08-11 17:47:08,271 [Worker-35] INFO  o.e.m.c.i.embedder.EclipseLogger - Copying 1 resource
2018-08-11 17:47:08,273 [Worker-35] WARN  o.e.m.c.i.embedder.EclipseLogger - Using platform encoding (GBK actually) to copy filtered resources, i.e. build is platform dependent!
2018-08-11 17:47:08,274 [Worker-35] INFO  o.e.m.c.i.embedder.EclipseLogger - skip non existing resourceDirectory D:\workspace-soa-2\soa-provider-2\src\test\resources
2018-08-11 17:47:13,597 [Worker-34] INFO  o.e.m.w.i.f.ResourceFilteringBuildParticipant - Cleaning filtered folder for soa-provider-2
2018-08-11 17:47:13,807 [Worker-31] WARN  o.e.m.c.i.embedder.EclipseLogger - Using platform encoding (GBK actually) to copy filtered resources, i.e. build is platform dependent!
2018-08-11 17:47:13,808 [Worker-31] INFO  o.e.m.c.i.embedder.EclipseLogger - Copying 2 resources
2018-08-11 17:47:13,812 [Worker-31] WARN  o.e.m.c.i.embedder.EclipseLogger - Using platform encoding (GBK actually) to copy filtered resources, i.e. build is platform dependent!
2018-08-11 17:47:13,813 [Worker-31] INFO  o.e.m.c.i.embedder.EclipseLogger - skip non existing resourceDirectory D:\workspace-soa-2\soa-provider-2\src\test\resources
2018-08-11 17:47:54,690 [Worker-31] INFO  o.e.m.w.i.f.ResourceFilteringBuildParticipant - Cleaning filtered folder for soa-provider-2
2018-08-11 17:47:54,885 [Worker-36] WARN  o.e.m.c.i.embedder.EclipseLogger - Using platform encoding (GBK actually) to copy filtered resources, i.e. build is platform dependent!
2018-08-11 17:47:54,919 [Worker-36] INFO  o.e.m.c.i.embedder.EclipseLogger - Copying 2 resources
2018-08-11 17:47:54,939 [Worker-36] WARN  o.e.m.c.i.embedder.EclipseLogger - Using platform encoding (GBK actually) to copy filtered resources, i.e. build is platform dependent!
2018-08-11 17:47:54,940 [Worker-36] INFO  o.e.m.c.i.embedder.EclipseLogger - skip non existing resourceDirectory D:\workspace-soa-2\soa-provider-2\src\test\resources
2018-08-11 17:48:26,156 [Worker-34] WARN  o.e.m.c.i.embedder.EclipseLogger - Using platform encoding (GBK actually) to copy filtered resources, i.e. build is platform dependent!
2018-08-11 17:48:26,157 [Worker-34] INFO  o.e.m.c.i.embedder.EclipseLogger - Copying 1 resource
2018-08-11 17:48:26,160 [Worker-34] WARN  o.e.m.c.i.embedder.EclipseLogger - Using platform encoding (GBK actually) to copy filtered resources, i.e. build is platform dependent!
2018-08-11 17:48:26,160 [Worker-34] INFO  o.e.m.c.i.embedder.EclipseLogger - skip non existing resourceDirectory D:\workspace-soa-2\soa-provider-2\src\test\resources
2018-08-11 17:57:31,368 [Worker-40] WARN  o.e.m.c.i.embedder.EclipseLogger - Using platform encoding (GBK actually) to copy filtered resources, i.e. build is platform dependent!
2018-08-11 17:57:31,372 [Worker-40] INFO  o.e.m.c.i.embedder.EclipseLogger - Copying 2 resources
2018-08-11 17:57:31,376 [Worker-40] WARN  o.e.m.c.i.embedder.EclipseLogger - Using platform encoding (GBK actually) to copy filtered resources, i.e. build is platform dependent!
2018-08-11 17:57:31,377 [Worker-40] INFO  o.e.m.c.i.embedder.EclipseLogger - skip non existing resourceDirectory D:\workspace-soa-2\soa-provider-2\src\test\resources
2018-08-11 17:57:35,575 [Worker-41] INFO  o.e.m.c.i.p.ProjectConfigurationManager - Update started
2018-08-11 17:57:35,657 [Worker-41] INFO  o.e.m.c.i.l.LifecycleMappingFactory - Using org.maven.ide.eclipse.wtp.WarLifecycleMapping lifecycle mapping for MavenProject: com.lovin.provider:soa-provider-2:0.0.1-SNAPSHOT @ D:\workspace-soa-2\soa-provider-2\pom.xml.
2018-08-11 17:57:36,088 [Worker-41] INFO  o.e.m.j.i.AbstractJavaProjectConfigurator - Adding source folder /soa-provider-2/src/main/java
2018-08-11 17:57:36,089 [Worker-41] INFO  o.e.m.j.i.AbstractJavaProjectConfigurator - Adding resource folder /soa-provider-2/src/main/resources
2018-08-11 17:57:36,089 [Worker-41] INFO  o.e.m.j.i.AbstractJavaProjectConfigurator - Adding source folder /soa-provider-2/src/test/java
2018-08-11 17:57:37,401 [Worker-41] INFO  o.e.m.c.i.l.LifecycleMappingFactory - Using org.maven.ide.eclipse.wtp.WarLifecycleMapping lifecycle mapping for MavenProject: com.lovin.provider:soa-provider-2:0.0.1-SNAPSHOT @ D:\workspace-soa-2\soa-provider-2\pom.xml.
2018-08-11 17:57:37,722 [Worker-41] INFO  o.e.m.w.i.f.ResourceFilteringBuildParticipant - Cleaning filtered folder for soa-provider-2
2018-08-11 17:57:37,728 [Worker-41] INFO  o.e.m.c.i.p.ProjectConfigurationManager - Update completed: 2 sec
2018-08-11 17:57:38,145 [Worker-36] WARN  o.e.m.c.i.embedder.EclipseLogger - Using platform encoding (GBK actually) to copy filtered resources, i.e. build is platform dependent!
2018-08-11 17:57:38,147 [Worker-36] INFO  o.e.m.c.i.embedder.EclipseLogger - Copying 2 resources
2018-08-11 17:57:38,150 [Worker-36] WARN  o.e.m.c.i.embedder.EclipseLogger - Using platform encoding (GBK actually) to copy filtered resources, i.e. build is platform dependent!
2018-08-11 17:57:38,151 [Worker-36] INFO  o.e.m.c.i.embedder.EclipseLogger - skip non existing resourceDirectory D:\workspace-soa-2\soa-provider-2\src\test\resources
2018-08-11 17:57:42,973 [Worker-41] INFO  o.e.m.c.i.l.LifecycleMappingFactory - Using org.maven.ide.eclipse.wtp.WarLifecycleMapping lifecycle mapping for MavenProject: com.lovin.provider:soa-provider-2:0.0.1-SNAPSHOT @ D:\workspace-soa-2\soa-provider-2\pom.xml.
2018-08-11 17:57:43,389 [Worker-41] WARN  o.e.m.c.i.embedder.EclipseLogger - Using platform encoding (GBK actually) to copy filtered resources, i.e. build is platform dependent!
2018-08-11 17:57:43,391 [Worker-41] INFO  o.e.m.c.i.embedder.EclipseLogger - Copying 2 resources
2018-08-11 17:57:43,395 [Worker-41] WARN  o.e.m.c.i.embedder.EclipseLogger - Using platform encoding (GBK actually) to copy filtered resources, i.e. build is platform dependent!
2018-08-11 17:57:43,396 [Worker-41] INFO  o.e.m.c.i.embedder.EclipseLogger - skip non existing resourceDirectory D:\workspace-soa-2\soa-provider-2\src\test\resources
2018-08-11 19:21:49,685 [Worker-37] WARN  o.e.m.c.i.embedder.EclipseLogger - Using platform encoding (GBK actually) to copy filtered resources, i.e. build is platform dependent!
2018-08-11 19:21:49,696 [Worker-37] INFO  o.e.m.c.i.embedder.EclipseLogger - Copying 2 resources
2018-08-11 19:21:49,727 [Worker-37] WARN  o.e.m.c.i.embedder.EclipseLogger - Using platform encoding (GBK actually) to copy filtered resources, i.e. build is platform dependent!
2018-08-11 19:21:49,727 [Worker-37] INFO  o.e.m.c.i.embedder.EclipseLogger - skip non existing resourceDirectory D:\workspace-soa-2\soa-provider-2\src\test\resources
2018-08-11 19:22:57,193 [Worker-66] WARN  o.e.m.c.i.embedder.EclipseLogger - Using platform encoding (GBK actually) to copy filtered resources, i.e. build is platform dependent!
2018-08-11 19:22:57,195 [Worker-66] INFO  o.e.m.c.i.embedder.EclipseLogger - Copying 1 resource
2018-08-11 19:22:57,198 [Worker-66] WARN  o.e.m.c.i.embedder.EclipseLogger - Using platform encoding (GBK actually) to copy filtered resources, i.e. build is platform dependent!
2018-08-11 19:22:57,199 [Worker-66] INFO  o.e.m.c.i.embedder.EclipseLogger - skip non existing resourceDirectory D:\workspace-soa-2\soa-provider-2\src\test\resources
2018-08-11 19:23:06,362 [Worker-67] WARN  o.e.m.c.i.embedder.EclipseLogger - Using platform encoding (GBK actually) to copy filtered resources, i.e. build is platform dependent!
2018-08-11 19:23:06,363 [Worker-67] INFO  o.e.m.c.i.embedder.EclipseLogger - Copying 1 resource
2018-08-11 19:23:06,365 [Worker-67] WARN  o.e.m.c.i.embedder.EclipseLogger - Using platform encoding (GBK actually) to copy filtered resources, i.e. build is platform dependent!
2018-08-11 19:23:06,365 [Worker-67] INFO  o.e.m.c.i.embedder.EclipseLogger - skip non existing resourceDirectory D:\workspace-soa-2\soa-provider-2\src\test\resources
2018-08-11 19:23:11,452 [Worker-68] WARN  o.e.m.c.i.embedder.EclipseLogger - Using platform encoding (GBK actually) to copy filtered resources, i.e. build is platform dependent!
2018-08-11 19:23:11,454 [Worker-68] INFO  o.e.m.c.i.embedder.EclipseLogger - Copying 1 resource
2018-08-11 19:23:11,473 [Worker-68] WARN  o.e.m.c.i.embedder.EclipseLogger - Using platform encoding (GBK actually) to copy filtered resources, i.e. build is platform dependent!
2018-08-11 19:23:11,474 [Worker-68] INFO  o.e.m.c.i.embedder.EclipseLogger - skip non existing resourceDirectory D:\workspace-soa-2\soa-provider-2\src\test\resources
2018-08-11 19:24:28,648 [Worker-66] INFO  o.e.m.w.i.f.ResourceFilteringBuildParticipant - Cleaning filtered folder for soa-provider-2
2018-08-11 19:24:28,883 [Worker-66] WARN  o.e.m.c.i.embedder.EclipseLogger - Using platform encoding (GBK actually) to copy filtered resources, i.e. build is platform dependent!
2018-08-11 19:24:28,883 [Worker-66] INFO  o.e.m.c.i.embedder.EclipseLogger - Copying 2 resources
2018-08-11 19:24:28,886 [Worker-66] WARN  o.e.m.c.i.embedder.EclipseLogger - Using platform encoding (GBK actually) to copy filtered resources, i.e. build is platform dependent!
2018-08-11 19:24:28,886 [Worker-66] INFO  o.e.m.c.i.embedder.EclipseLogger - skip non existing resourceDirectory D:\workspace-soa-2\soa-provider-2\src\test\resources
2018-08-11 19:36:10,004 [Worker-73] INFO  o.e.m.c.i.p.ProjectConfigurationManager - Update started
2018-08-11 19:36:10,388 [Worker-73] INFO  o.e.m.c.i.l.LifecycleMappingFactory - Using org.maven.ide.eclipse.wtp.WarLifecycleMapping lifecycle mapping for MavenProject: com.lovin.provider:soa-provider-2:0.0.1-SNAPSHOT @ D:\workspace-soa-2\soa-provider-2\pom.xml.
2018-08-11 19:36:12,286 [Worker-73] INFO  o.e.m.j.i.AbstractJavaProjectConfigurator - Adding source folder /soa-provider-2/src/main/java
2018-08-11 19:36:12,286 [Worker-73] INFO  o.e.m.j.i.AbstractJavaProjectConfigurator - Adding resource folder /soa-provider-2/src/main/resources
2018-08-11 19:36:12,287 [Worker-73] INFO  o.e.m.j.i.AbstractJavaProjectConfigurator - Adding source folder /soa-provider-2/src/test/java
2018-08-11 19:36:13,648 [Worker-73] INFO  o.e.m.c.i.l.LifecycleMappingFactory - Using org.maven.ide.eclipse.wtp.WarLifecycleMapping lifecycle mapping for MavenProject: com.lovin.provider:soa-provider-2:0.0.1-SNAPSHOT @ D:\workspace-soa-2\soa-provider-2\pom.xml.
2018-08-11 19:36:15,802 [Worker-73] INFO  o.e.m.w.i.f.ResourceFilteringBuildParticipant - Cleaning filtered folder for soa-provider-2
2018-08-11 19:36:15,808 [Worker-73] INFO  o.e.m.c.i.p.ProjectConfigurationManager - Update completed: 5 sec
2018-08-11 19:36:17,256 [Worker-71] WARN  o.e.m.c.i.embedder.EclipseLogger - Using platform encoding (GBK actually) to copy filtered resources, i.e. build is platform dependent!
2018-08-11 19:36:17,257 [Worker-71] INFO  o.e.m.c.i.embedder.EclipseLogger - Copying 2 resources
2018-08-11 19:36:17,261 [Worker-71] WARN  o.e.m.c.i.embedder.EclipseLogger - Using platform encoding (GBK actually) to copy filtered resources, i.e. build is platform dependent!
2018-08-11 19:36:17,261 [Worker-71] INFO  o.e.m.c.i.embedder.EclipseLogger - skip non existing resourceDirectory D:\workspace-soa-2\soa-provider-2\src\test\resources
2018-08-11 19:36:23,541 [Worker-71] INFO  o.e.m.c.i.l.LifecycleMappingFactory - Using org.maven.ide.eclipse.wtp.WarLifecycleMapping lifecycle mapping for MavenProject: com.lovin.provider:soa-provider-2:0.0.1-SNAPSHOT @ D:\workspace-soa-2\soa-provider-2\pom.xml.
2018-08-11 19:36:24,017 [Worker-71] WARN  o.e.m.c.i.embedder.EclipseLogger - Using platform encoding (GBK actually) to copy filtered resources, i.e. build is platform dependent!
2018-08-11 19:36:24,051 [Worker-71] INFO  o.e.m.c.i.embedder.EclipseLogger - Copying 2 resources
2018-08-11 19:36:24,073 [Worker-71] WARN  o.e.m.c.i.embedder.EclipseLogger - Using platform encoding (GBK actually) to copy filtered resources, i.e. build is platform dependent!
2018-08-11 19:36:24,076 [Worker-71] INFO  o.e.m.c.i.embedder.EclipseLogger - skip non existing resourceDirectory D:\workspace-soa-2\soa-provider-2\src\test\resources
2018-08-11 19:36:34,586 [Worker-76] INFO  o.e.m.w.i.f.ResourceFilteringBuildParticipant - Cleaning filtered folder for soa-provider-2
2018-08-11 19:36:34,844 [Worker-75] WARN  o.e.m.c.i.embedder.EclipseLogger - Using platform encoding (GBK actually) to copy filtered resources, i.e. build is platform dependent!
2018-08-11 19:36:34,860 [Worker-75] INFO  o.e.m.c.i.embedder.EclipseLogger - Copying 2 resources
2018-08-11 19:36:34,864 [Worker-75] WARN  o.e.m.c.i.embedder.EclipseLogger - Using platform encoding (GBK actually) to copy filtered resources, i.e. build is platform dependent!
2018-08-11 19:36:34,865 [Worker-75] INFO  o.e.m.c.i.embedder.EclipseLogger - skip non existing resourceDirectory D:\workspace-soa-2\soa-provider-2\src\test\resources
2018-08-11 19:53:42,884 [Worker-78] INFO  o.e.m.c.i.p.ProjectConfigurationManager - Update started
2018-08-11 19:53:42,930 [Worker-78] INFO  o.e.m.c.i.l.LifecycleMappingFactory - Using org.maven.ide.eclipse.wtp.WarLifecycleMapping lifecycle mapping for MavenProject: com.lovin.provider:soa-provider-2:0.0.1-SNAPSHOT @ D:\workspace-soa-2\soa-provider-2\pom.xml.
2018-08-11 19:53:43,258 [Worker-78] INFO  o.e.m.j.i.AbstractJavaProjectConfigurator - Adding source folder /soa-provider-2/src/main/java
2018-08-11 19:53:43,258 [Worker-78] INFO  o.e.m.j.i.AbstractJavaProjectConfigurator - Adding resource folder /soa-provider-2/src/main/resources
2018-08-11 19:53:43,258 [Worker-78] INFO  o.e.m.j.i.AbstractJavaProjectConfigurator - Adding source folder /soa-provider-2/src/test/java
2018-08-11 19:53:44,836 [Worker-78] INFO  o.e.m.c.i.l.LifecycleMappingFactory - Using org.maven.ide.eclipse.wtp.WarLifecycleMapping lifecycle mapping for MavenProject: com.lovin.provider:soa-provider-2:0.0.1-SNAPSHOT @ D:\workspace-soa-2\soa-provider-2\pom.xml.
2018-08-11 19:53:45,123 [Worker-78] INFO  o.e.m.w.i.f.ResourceFilteringBuildParticipant - Cleaning filtered folder for soa-provider-2
2018-08-11 19:53:45,129 [Worker-78] INFO  o.e.m.c.i.p.ProjectConfigurationManager - Update completed: 2 sec
2018-08-11 19:53:45,614 [Worker-78] WARN  o.e.m.c.i.embedder.EclipseLogger - Using platform encoding (GBK actually) to copy filtered resources, i.e. build is platform dependent!
2018-08-11 19:53:45,615 [Worker-78] INFO  o.e.m.c.i.embedder.EclipseLogger - Copying 2 resources
2018-08-11 19:53:45,618 [Worker-78] WARN  o.e.m.c.i.embedder.EclipseLogger - Using platform encoding (GBK actually) to copy filtered resources, i.e. build is platform dependent!
2018-08-11 19:53:45,618 [Worker-78] INFO  o.e.m.c.i.embedder.EclipseLogger - skip non existing resourceDirectory D:\workspace-soa-2\soa-provider-2\src\test\resources
2018-08-11 19:53:51,786 [Worker-79] INFO  o.e.m.c.i.l.LifecycleMappingFactory - Using org.maven.ide.eclipse.wtp.WarLifecycleMapping lifecycle mapping for MavenProject: com.lovin.provider:soa-provider-2:0.0.1-SNAPSHOT @ D:\workspace-soa-2\soa-provider-2\pom.xml.
2018-08-11 19:53:52,207 [Worker-79] WARN  o.e.m.c.i.embedder.EclipseLogger - Using platform encoding (GBK actually) to copy filtered resources, i.e. build is platform dependent!
2018-08-11 19:53:52,208 [Worker-79] INFO  o.e.m.c.i.embedder.EclipseLogger - Copying 2 resources
2018-08-11 19:53:52,211 [Worker-79] WARN  o.e.m.c.i.embedder.EclipseLogger - Using platform encoding (GBK actually) to copy filtered resources, i.e. build is platform dependent!
2018-08-11 19:53:52,212 [Worker-79] INFO  o.e.m.c.i.embedder.EclipseLogger - skip non existing resourceDirectory D:\workspace-soa-2\soa-provider-2\src\test\resources
2018-08-11 19:53:55,842 [Worker-71] INFO  o.e.m.w.i.f.ResourceFilteringBuildParticipant - Cleaning filtered folder for soa-provider-2
2018-08-11 19:53:56,018 [Worker-71] WARN  o.e.m.c.i.embedder.EclipseLogger - Using platform encoding (GBK actually) to copy filtered resources, i.e. build is platform dependent!
2018-08-11 19:53:56,018 [Worker-71] INFO  o.e.m.c.i.embedder.EclipseLogger - Copying 2 resources
2018-08-11 19:53:56,021 [Worker-71] WARN  o.e.m.c.i.embedder.EclipseLogger - Using platform encoding (GBK actually) to copy filtered resources, i.e. build is platform dependent!
2018-08-11 19:53:56,021 [Worker-71] INFO  o.e.m.c.i.embedder.EclipseLogger - skip non existing resourceDirectory D:\workspace-soa-2\soa-provider-2\src\test\resources
2018-08-11 20:02:10,839 [Worker-82] INFO  o.e.m.c.i.p.ProjectConfigurationManager - Update started
2018-08-11 20:02:10,880 [Worker-82] INFO  o.e.m.c.i.l.LifecycleMappingFactory - Using org.maven.ide.eclipse.wtp.WarLifecycleMapping lifecycle mapping for MavenProject: com.lovin.provider:soa-provider-2:0.0.1-SNAPSHOT @ D:\workspace-soa-2\soa-provider-2\pom.xml.
2018-08-11 20:02:11,225 [Worker-82] INFO  o.e.m.j.i.AbstractJavaProjectConfigurator - Adding source folder /soa-provider-2/src/main/java
2018-08-11 20:02:11,225 [Worker-82] INFO  o.e.m.j.i.AbstractJavaProjectConfigurator - Adding resource folder /soa-provider-2/src/main/resources
2018-08-11 20:02:11,226 [Worker-82] INFO  o.e.m.j.i.AbstractJavaProjectConfigurator - Adding source folder /soa-provider-2/src/test/java
2018-08-11 20:02:13,743 [Worker-82] INFO  o.e.m.c.i.l.LifecycleMappingFactory - Using org.maven.ide.eclipse.wtp.WarLifecycleMapping lifecycle mapping for MavenProject: com.lovin.provider:soa-provider-2:0.0.1-SNAPSHOT @ D:\workspace-soa-2\soa-provider-2\pom.xml.
2018-08-11 20:02:13,961 [Worker-82] INFO  o.e.m.w.i.f.ResourceFilteringBuildParticipant - Cleaning filtered folder for soa-provider-2
2018-08-11 20:02:13,965 [Worker-82] INFO  o.e.m.c.i.p.ProjectConfigurationManager - Update completed: 3 sec
2018-08-11 20:02:14,424 [Worker-86] WARN  o.e.m.c.i.embedder.EclipseLogger - Using platform encoding (GBK actually) to copy filtered resources, i.e. build is platform dependent!
2018-08-11 20:02:14,433 [Worker-86] INFO  o.e.m.c.i.embedder.EclipseLogger - Copying 2 resources
2018-08-11 20:02:14,437 [Worker-86] WARN  o.e.m.c.i.embedder.EclipseLogger - Using platform encoding (GBK actually) to copy filtered resources, i.e. build is platform dependent!
2018-08-11 20:02:14,437 [Worker-86] INFO  o.e.m.c.i.embedder.EclipseLogger - skip non existing resourceDirectory D:\workspace-soa-2\soa-provider-2\src\test\resources
2018-08-11 20:02:18,968 [Worker-83] INFO  o.e.m.c.i.l.LifecycleMappingFactory - Using org.maven.ide.eclipse.wtp.WarLifecycleMapping lifecycle mapping for MavenProject: com.lovin.provider:soa-provider-2:0.0.1-SNAPSHOT @ D:\workspace-soa-2\soa-provider-2\pom.xml.
2018-08-11 20:02:19,358 [Worker-83] WARN  o.e.m.c.i.embedder.EclipseLogger - Using platform encoding (GBK actually) to copy filtered resources, i.e. build is platform dependent!
2018-08-11 20:02:19,359 [Worker-83] INFO  o.e.m.c.i.embedder.EclipseLogger - Copying 2 resources
2018-08-11 20:02:19,362 [Worker-83] WARN  o.e.m.c.i.embedder.EclipseLogger - Using platform encoding (GBK actually) to copy filtered resources, i.e. build is platform dependent!
2018-08-11 20:02:19,364 [Worker-83] INFO  o.e.m.c.i.embedder.EclipseLogger - skip non existing resourceDirectory D:\workspace-soa-2\soa-provider-2\src\test\resources
2018-08-11 20:02:25,650 [Worker-86] INFO  o.e.m.w.i.f.ResourceFilteringBuildParticipant - Cleaning filtered folder for soa-provider-2
2018-08-11 20:02:25,856 [Worker-82] WARN  o.e.m.c.i.embedder.EclipseLogger - Using platform encoding (GBK actually) to copy filtered resources, i.e. build is platform dependent!
2018-08-11 20:02:25,856 [Worker-82] INFO  o.e.m.c.i.embedder.EclipseLogger - Copying 2 resources
2018-08-11 20:02:25,860 [Worker-82] WARN  o.e.m.c.i.embedder.EclipseLogger - Using platform encoding (GBK actually) to copy filtered resources, i.e. build is platform dependent!
2018-08-11 20:02:25,860 [Worker-82] INFO  o.e.m.c.i.embedder.EclipseLogger - skip non existing resourceDirectory D:\workspace-soa-2\soa-provider-2\src\test\resources
2018-08-11 21:09:46,617 [Worker-97] INFO  o.e.m.c.i.p.ProjectConfigurationManager - Update started
2018-08-11 21:09:46,694 [Worker-97] INFO  o.e.m.c.i.l.LifecycleMappingFactory - Using org.maven.ide.eclipse.wtp.WarLifecycleMapping lifecycle mapping for MavenProject: com.lovin.provider:soa-provider-2:0.0.1-SNAPSHOT @ D:\workspace-soa-2\soa-provider-2\pom.xml.
2018-08-11 21:09:47,128 [Worker-97] INFO  o.e.m.j.i.AbstractJavaProjectConfigurator - Adding source folder /soa-provider-2/src/main/java
2018-08-11 21:09:47,128 [Worker-97] INFO  o.e.m.j.i.AbstractJavaProjectConfigurator - Adding resource folder /soa-provider-2/src/main/resources
2018-08-11 21:09:47,129 [Worker-97] INFO  o.e.m.j.i.AbstractJavaProjectConfigurator - Adding source folder /soa-provider-2/src/test/java
2018-08-11 21:09:48,144 [Worker-97] INFO  o.e.m.c.i.l.LifecycleMappingFactory - Using org.maven.ide.eclipse.wtp.WarLifecycleMapping lifecycle mapping for MavenProject: com.lovin.provider:soa-provider-2:0.0.1-SNAPSHOT @ D:\workspace-soa-2\soa-provider-2\pom.xml.
2018-08-11 21:09:48,349 [Worker-97] INFO  o.e.m.w.i.f.ResourceFilteringBuildParticipant - Cleaning filtered folder for soa-provider-2
2018-08-11 21:09:48,354 [Worker-97] INFO  o.e.m.c.i.p.ProjectConfigurationManager - Update completed: 1 sec
2018-08-11 21:09:48,806 [Worker-99] WARN  o.e.m.c.i.embedder.EclipseLogger - Using platform encoding (GBK actually) to copy filtered resources, i.e. build is platform dependent!
2018-08-11 21:09:48,820 [Worker-99] INFO  o.e.m.c.i.embedder.EclipseLogger - Copying 2 resources
2018-08-11 21:09:48,823 [Worker-99] WARN  o.e.m.c.i.embedder.EclipseLogger - Using platform encoding (GBK actually) to copy filtered resources, i.e. build is platform dependent!
2018-08-11 21:09:48,824 [Worker-99] INFO  o.e.m.c.i.embedder.EclipseLogger - skip non existing resourceDirectory D:\workspace-soa-2\soa-provider-2\src\test\resources
2018-08-11 21:09:53,141 [Worker-103] INFO  o.e.m.c.i.l.LifecycleMappingFactory - Using org.maven.ide.eclipse.wtp.WarLifecycleMapping lifecycle mapping for MavenProject: com.lovin.provider:soa-provider-2:0.0.1-SNAPSHOT @ D:\workspace-soa-2\soa-provider-2\pom.xml.
2018-08-11 21:09:53,497 [Worker-103] WARN  o.e.m.c.i.embedder.EclipseLogger - Using platform encoding (GBK actually) to copy filtered resources, i.e. build is platform dependent!
2018-08-11 21:09:53,498 [Worker-103] INFO  o.e.m.c.i.embedder.EclipseLogger - Copying 2 resources
2018-08-11 21:09:53,500 [Worker-103] WARN  o.e.m.c.i.embedder.EclipseLogger - Using platform encoding (GBK actually) to copy filtered resources, i.e. build is platform dependent!
2018-08-11 21:09:53,500 [Worker-103] INFO  o.e.m.c.i.embedder.EclipseLogger - skip non existing resourceDirectory D:\workspace-soa-2\soa-provider-2\src\test\resources
2018-08-11 21:10:03,390 [Worker-100] INFO  o.e.m.w.i.f.ResourceFilteringBuildParticipant - Cleaning filtered folder for soa-provider-2
2018-08-11 21:10:03,576 [Worker-103] WARN  o.e.m.c.i.embedder.EclipseLogger - Using platform encoding (GBK actually) to copy filtered resources, i.e. build is platform dependent!
2018-08-11 21:10:03,577 [Worker-103] INFO  o.e.m.c.i.embedder.EclipseLogger - Copying 2 resources
2018-08-11 21:10:03,580 [Worker-103] WARN  o.e.m.c.i.embedder.EclipseLogger - Using platform encoding (GBK actually) to copy filtered resources, i.e. build is platform dependent!
2018-08-11 21:10:03,581 [Worker-103] INFO  o.e.m.c.i.embedder.EclipseLogger - skip non existing resourceDirectory D:\workspace-soa-2\soa-provider-2\src\test\resources
2018-08-11 21:54:56,160 [Worker-114] INFO  o.e.m.c.i.p.ProjectConfigurationManager - Update started
2018-08-11 21:54:56,221 [Worker-114] INFO  o.e.m.c.i.l.LifecycleMappingFactory - Using org.maven.ide.eclipse.wtp.WarLifecycleMapping lifecycle mapping for MavenProject: com.lovin.provider:soa-provider-2:0.0.1-SNAPSHOT @ D:\workspace-soa-2\soa-provider-2\pom.xml.
2018-08-11 21:54:56,615 [Worker-114] INFO  o.e.m.j.i.AbstractJavaProjectConfigurator - Adding source folder /soa-provider-2/src/main/java
2018-08-11 21:54:56,615 [Worker-114] INFO  o.e.m.j.i.AbstractJavaProjectConfigurator - Adding resource folder /soa-provider-2/src/main/resources
2018-08-11 21:54:56,616 [Worker-114] INFO  o.e.m.j.i.AbstractJavaProjectConfigurator - Adding source folder /soa-provider-2/src/test/java
2018-08-11 21:54:57,672 [Worker-114] INFO  o.e.m.c.i.l.LifecycleMappingFactory - Using org.maven.ide.eclipse.wtp.WarLifecycleMapping lifecycle mapping for MavenProject: com.lovin.provider:soa-provider-2:0.0.1-SNAPSHOT @ D:\workspace-soa-2\soa-provider-2\pom.xml.
2018-08-11 21:54:57,952 [Worker-114] INFO  o.e.m.w.i.f.ResourceFilteringBuildParticipant - Cleaning filtered folder for soa-provider-2
2018-08-11 21:54:57,956 [Worker-114] INFO  o.e.m.c.i.p.ProjectConfigurationManager - Update completed: 1 sec
2018-08-11 21:54:58,355 [Worker-114] WARN  o.e.m.c.i.embedder.EclipseLogger - Using platform encoding (GBK actually) to copy filtered resources, i.e. build is platform dependent!
2018-08-11 21:54:58,369 [Worker-114] INFO  o.e.m.c.i.embedder.EclipseLogger - Copying 2 resources
2018-08-11 21:54:58,371 [Worker-114] WARN  o.e.m.c.i.embedder.EclipseLogger - Using platform encoding (GBK actually) to copy filtered resources, i.e. build is platform dependent!
2018-08-11 21:54:58,373 [Worker-114] INFO  o.e.m.c.i.embedder.EclipseLogger - skip non existing resourceDirectory D:\workspace-soa-2\soa-provider-2\src\test\resources
2018-08-11 21:55:11,127 [Worker-105] INFO  o.e.m.w.i.f.ResourceFilteringBuildParticipant - Cleaning filtered folder for soa-provider-2
2018-08-11 21:55:11,351 [Worker-117] WARN  o.e.m.c.i.embedder.EclipseLogger - Using platform encoding (GBK actually) to copy filtered resources, i.e. build is platform dependent!
2018-08-11 21:55:11,352 [Worker-117] INFO  o.e.m.c.i.embedder.EclipseLogger - Copying 2 resources
2018-08-11 21:55:11,358 [Worker-117] WARN  o.e.m.c.i.embedder.EclipseLogger - Using platform encoding (GBK actually) to copy filtered resources, i.e. build is platform dependent!
2018-08-11 21:55:11,359 [Worker-117] INFO  o.e.m.c.i.embedder.EclipseLogger - skip non existing resourceDirectory D:\workspace-soa-2\soa-provider-2\src\test\resources
